=== [1/13] 03152025110538 ===
    rc=0 (log: workspace/rerun_phase3_reports/03152025110538.log)
=== [2/13] 03152025135830 ===
    rc=0 (log: workspace/rerun_phase3_reports/03152025135830.log)
=== [3/13] 03152025_140.56_0.00_0.00_-_7.40_140.56_USD_you_saved_7.40 ===
    rc=0 (log: workspace/rerun_phase3_reports/03152025_140.56_0.00_0.00_-_7.40_140.56_USD_you_saved_7.40.log)
=== [4/13] 03152025_8_18_24_9_05_PM_ai_on.com_ ===
    rc=0 (log: workspace/rerun_phase3_reports/03152025_8_18_24_9_05_PM_ai_on.com_.log)
=== [5/13] 03152025_ASHIONNOVA ===
    rc=0 (log: workspace/rerun_phase3_reports/03152025_ASHIONNOVA.log)
=== [6/13] 03152025_FASHIOMWVA ===
    rc=0 (log: workspace/rerun_phase3_reports/03152025_FASHIOMWVA.log)
=== [7/13] 03152025_FASHIOMiOVA ===
    rc=0 (log: workspace/rerun_phase3_reports/03152025_FASHIOMiOVA.log)
=== [8/13] 03152025_Jul_16_2024_order_Order_2000120-11892676 ===
    rc=0 (log: workspace/rerun_phase3_reports/03152025_Jul_16_2024_order_Order_2000120-11892676.log)
=== [9/13] 03152025_Order_totai ===
    rc=0 (log: workspace/rerun_phase3_reports/03152025_Order_totai.log)
=== [10/13] 03152025_Price_59.92 ===
    rc=0 (log: workspace/rerun_phase3_reports/03152025_Price_59.92.log)
=== [11/13] 03152025_RECEIPT ===
    rc=0 (log: workspace/rerun_phase3_reports/03152025_RECEIPT.log)
=== [12/13] 03152025_Sales_Invoice ===
    rc=0 (log: workspace/rerun_phase3_reports/03152025_Sales_Invoice.log)
=== [13/13] 03152025_USD_279.46_XCD_765.72_765.72 ===
    rc=0 (log: workspace/rerun_phase3_reports/03152025_USD_279.46_XCD_765.72_765.72.log)
ALL DONE: 2026-04-23T03:17:25Z
