[1/103] 03142025_7_24_24_3_53_PM_am_on.coiti_
    ok  (709.4s)
[2/103] 03142025_USD_170.88_XCD_467.72
    ok  (860.7s)
[3/103] 03152025103631
    ok  (460.1s)
[4/103] 03152025103721
    ok  (591.2s)
[5/103] 03152025103801
    ok  (471.3s)
[6/103] 03152025110538
    ok  (212.1s)
[7/103] 03152025111114
    failed  (1903.3s)
[8/103] 03152025130830
    ok  (509.7s)
[9/103] 03152025131854
    failed  (896.3s)
[10/103] 03152025135001
    ok  (1096.2s)
[11/103] 03152025135238
    failed  (1901.4s)
[12/103] 03152025135830
    ok  (299.7s)
[13/103] 03152025140025
    ok  (1534.7s)
[14/103] 03152025140315
    ok  (806.0s)
[15/103] 03152025_0.00
    ok  (1151.5s)
[16/103] 03152025_140.56_0.00_0.00_-_7.40_140.56_USD_you_saved_7.40
    ok  (454.1s)
[17/103] 03152025_1_8_2024_06_00_amaz_.com_
    ok  (579.3s)
[18/103] 03152025_25.58
    ok  (937.6s)
[19/103] 03152025_5_27_25_6_57_PM_anmzon.com
    ok  (548.9s)
[20/103] 03152025_6_20_24_1_47_PM_amazon.com
    ok  (567.6s)
[21/103] 03152025_6_4_24_10_55_AM_amazon.com-
    ok  (583.2s)
[22/103] 03152025_74.70
    ok  (880.7s)
[23/103] 03152025_7_20_24_9_02_an_zon.com_
