[1/103] 03142025_7_24_24_3_53_PM_am_on.coiti_
    skip (existing xlsx present)
[2/103] 03142025_USD_170.88_XCD_467.72
    skip (existing xlsx present)
[3/103] 03152025103631
    skip (existing xlsx present)
[4/103] 03152025103721
    skip (existing xlsx present)
[5/103] 03152025103801
    skip (existing xlsx present)
[6/103] 03152025110538
    ok  (88.3s)
[7/103] 03152025111114
    skip (existing xlsx present)
[8/103] 03152025130830
    skip (existing xlsx present)
[9/103] 03152025131854
    skip (existing xlsx present)
[10/103] 03152025135001
    skip (existing xlsx present)
[11/103] 03152025135238
    skip (existing xlsx present)
[12/103] 03152025135830
    ok  (310.1s)
[13/103] 03152025140025
    skip (existing xlsx present)
[14/103] 03152025140315
    skip (existing xlsx present)
[15/103] 03152025_0.00
    skip (existing xlsx present)
[16/103] 03152025_140.56_0.00_0.00_-_7.40_140.56_USD_you_saved_7.40
    ok  (261.3s)
[17/103] 03152025_1_8_2024_06_00_amaz_.com_
    skip (existing xlsx present)
[18/103] 03152025_25.58
    skip (existing xlsx present)
[19/103] 03152025_5_27_25_6_57_PM_anmzon.com
    skip (existing xlsx present)
[20/103] 03152025_6_20_24_1_47_PM_amazon.com
    skip (existing xlsx present)
[21/103] 03152025_6_4_24_10_55_AM_amazon.com-
    skip (existing xlsx present)
[22/103] 03152025_74.70
    skip (existing xlsx present)
[23/103] 03152025_7_20_24_9_02_an_zon.com_
    skip (existing xlsx present)
[24/103] 03152025_7_28_24_10_16_AM_9r_on.com
    skip (existing xlsx present)
[25/103] 03152025_7_29_24_2_33_PM_amazon.com
    skip (existing xlsx present)
[26/103] 03152025_7_29_24_2_33_PM_amazoncom
    skip (existing xlsx present)
[27/103] 03152025_7_29_24_35_PM_ai_zoncom
    skip (existing xlsx present)
[28/103] 03152025_7_29_24_3_57_PM_amazon.com_
    skip (existing xlsx present)
[29/103] 03152025_8_18_24_9_05_PM_ai_on.com_
    ok  (195.5s)
[30/103] 03152025_ABOUT
    skip (existing xlsx present)
[31/103] 03152025_ASHIONNOVA
    ok  (381.1s)
[32/103] 03152025_AoV
    skip (existing xlsx present)
[33/103] 03152025_COJAY
    skip (existing xlsx present)
[34/103] 03152025_FASHIOMWVA
    ok  (435.6s)
[35/103] 03152025_FASHIOMiOVA
    ok  (36.7s)
[36/103] 03152025_Free_returns_within_90_days
    skip (existing xlsx present)
[37/103] 03152025_Grand_Total_USD_44.17_Payment_Grand_Total_XCD_120.90
    skip (existing xlsx present)
[38/103] 03152025_Grenada_Simplified_Declaration_Form
    skip (existing xlsx present)
[39/103] 03152025_Jul_16_2024_order_Order_2000120-11892676
    ok  (288.5s)
[40/103] 03152025_Order_information
    ok  (214.2s)
[41/103] 03152025_Order_totai
    ok  (358.4s)
[42/103] 03152025_Order_total
    skip (existing xlsx present)
[43/103] 03152025_Payment_Grand_TotahXCD_102.48_Visa_ending_in_9228_July
    skip (existing xlsx present)
[44/103] 03152025_Payment_information
    skip (existing xlsx present)
[45/103] 03152025_Price_59.92
    ok  (282.3s)
[46/103] 03152025_RECEIPT
    ok  (484.3s)
[47/103] 03152025_Sales_Invoice
    ok  (1125.8s)
[48/103] 03152025_Shipped_on_August_7_2024
    skip (existing xlsx present)
[49/103] 03152025_Shipped_on_July_11_2024
    skip (existing xlsx present)
[50/103] 03152025_Sign_Out
    skip (existing xlsx present)
[51/103] 03152025_Solid_Notch_Neck_Blouse_Casual_Short_Sleeve_..._Golden
    ok  (690.9s)
[52/103] 03152025_TOTAL_AMOUNT
    skip (existing xlsx present)
[53/103] 03152025_USD_279.46_XCD_765.72_765.72
    ok  (720.8s)
[54/103] 03152025_V_5_
    skip (existing xlsx present)
[55/103] 03152025_aiMzon.com
    skip (existing xlsx present)
[56/103] 03152025_ai_zoncom
    skip (existing xlsx present)
[57/103] 03152025_amajzon.com
    skip (existing xlsx present)
[58/103] 03152025_amazoacom_
    skip (existing xlsx present)
[59/103] 03152025_amazon.com
    skip (existing xlsx present)
[60/103] 03152025_amazon.com_001
    skip (existing xlsx present)
[61/103] 03152025_amazoneom
    skip (existing xlsx present)
[62/103] 03152025_ami_zoiiJCO_Ti
    skip (existing xlsx present)
[63/103] 03152025_ami_zonjccpi
    skip (existing xlsx present)
[64/103] 03152025_amzon.com
    skip (existing xlsx present)
[65/103] 03152025_anmzon.com
    skip (existing xlsx present)
[66/103] 03152025_innrrmiTtrri
    skip (existing xlsx present)
[67/103] 03152025_k
    skip (existing xlsx present)
[68/103] 05292024_SHEIN_US_Services_LLC.
    skip (existing xlsx present)
[69/103] 06252024_SHEIN_US_Services_LLC.
    skip (existing xlsx present)
[70/103] 06292024_ales_Invoice
    skip (existing xlsx present)
[71/103] 07062024_SHEIN_US_Services_LLC.
    skip (existing xlsx present)
[72/103] 07092024_SHEIN_US_Services_LLC.
    skip (existing xlsx present)
[73/103] 07102024_SHEIN_US_Services_LLC.
    skip (existing xlsx present)
[74/103] 07112024_ales_Invoice
    skip (existing xlsx present)
[75/103] 07122024_SHEIN_US_Services_LLC.
    skip (existing xlsx present)
[76/103] 07122024_ales_Invoice
    skip (existing xlsx present)
[77/103] 07152024_SHEIN_US_Services_LLC.
    skip (existing xlsx present)
[78/103] 07162024_SHEIN_US_Services_LLC.
    skip (existing xlsx present)
[79/103] 07162024_SHEIN_US_Services_LLC._001
    skip (existing xlsx present)
[80/103] 07172024_SHEiN_US_Services_LLC.
    skip (existing xlsx present)
[81/103] 07172024_Sales_invoice
    skip (existing xlsx present)
[82/103] 07192024_WorldStar
    skip (existing xlsx present)
[83/103] 07202024_SHEIN_US_Services_LLC.
    skip (existing xlsx present)
[84/103] 07202024_Sales_Invoice
    skip (existing xlsx present)
[85/103] 07222024_Sales_Invoice
    skip (existing xlsx present)
[86/103] 07252024_TEMU
    skip (existing xlsx present)
[87/103] 07252024_ama_on.com
    skip (existing xlsx present)
[88/103] 07262024_INVOICE_COPY
    skip (existing xlsx present)
[89/103] 07262024_SHEIN_US_Services_LLC.
    skip (existing xlsx present)
[90/103] 07292024_Order_total
    skip (existing xlsx present)
[91/103] 07312024_Payment_information
    skip (existing xlsx present)
[92/103] 07312024_SHEIN_US_Services_LLC.
    skip (existing xlsx present)
[93/103] 08052024_SHEIN_US_Services_LLC.
    skip (existing xlsx present)
[94/103] 08062024_SHEIN_US_Services_LLC.
    skip (existing xlsx present)
[95/103] 08292024_Order_totai
    skip (existing xlsx present)
[96/103] 08292024_Order_total
    skip (existing xlsx present)
[97/103] 08292024_Payment_information
    skip (existing xlsx present)
[98/103] 08292024_Shipped_on_August_22_2024
    skip (existing xlsx present)
[99/103] 08292024_ama_on.com
    skip (existing xlsx present)
[100/103] 09242024_Sales_Invofce
    skip (existing xlsx present)
[101/103] 12072024_Margaret_Fletcher_MC_Leish_10813_NW_30TH_ST_BLDG_115_GR
    skip (existing xlsx present)
[102/103] ANDREA_L
    skip (existing xlsx present)
[103/103] BERNISHA
    skip (existing xlsx present)

Session summary:
  ok                   15
  skipped_existing     88
  total elapsed: 5875.4s
Traceback (most recent call last):
  File "/mnt/c/Insight Software/AutoInvoice2XLSX.2.0/scripts/rerun_corpus.py", line 267, in <module>
    return 0 if by_status.get("ok", 0) == len(folders) else 1
                     ^^^^^^
  File "/mnt/c/Insight Software/AutoInvoice2XLSX.2.0/scripts/rerun_corpus.py", line 260, in main
    print("\nSession summary:")
                       ^^^^^^^^^
  File "/usr/lib/python3.11/pathlib.py", line 731, in relative_to
    raise ValueError("{!r} is not in the subpath of {!r}"
ValueError: 'workspace/rerun_report_phase2.json' is not in the subpath of '/mnt/c/Insight Software/AutoInvoice2XLSX.2.0' OR one path is relative and the other is absolute.
